........................................................................................................................ [  3%]
........................................................................................................................ [  6%]
........................................................................................................................ [  9%]
........................................................................................................................ [ 12%]
........................................................................................................................ [ 15%]
........................................................................................................................ [ 18%]
........................................................................................................................ [ 21%]
........................................................................................................................ [ 24%]
........................................................................................................................ [ 28%]
........................................................................................................................ [ 31%]
........................................................................................................................ [ 34%]
........................................................................................................................ [ 37%]
........................................................................................................................ [ 40%]
........................................................................................................................ [ 43%]
........................................................................................................................ [ 46%]
........................................................................................................................ [ 49%]
........................................................................................................................ [ 52%]
........................................................................................................................ [ 56%]
........................................................................................................................ [ 59%]
........................................................................................................................ [ 62%]
........................................................................................................................ [ 65%]
........................................................................................................................ [ 68%]
........................................................................................................................ [ 71%]
........................................................................................................................ [ 74%]
........................................................................................................................ [ 77%]
........................................................................................................................ [ 80%]
........................................................................................................................ [ 84%]
........................................................................................................................ [ 87%]
........................................................................................................................ [ 90%]
.............s.......................................................................................................... [ 93%]
........................................................................................................................ [ 96%]
........................................................................................................................ [ 99%]
..............                                                                                                           [100%]
-------------------------- generated xml file: /workspace/crapssim/reports/vxp_stress/junit_smoke.xml --------------------------
3853 passed, 1 skipped in 14.85s
